2025-02-23 00:00:56,817 - __main__ - INFO - Starting Discord News Bot...
2025-02-23 00:00:57,239 - __main__ - ERROR - Error running bot: Improper token has been passed.
Traceback (most recent call last):
  File "/Volumes/Extreme SSD/Mac Mini/projects/akatsys-bot/venv/lib/python3.10/site-packages/discord/http.py", line 803, in static_login
    data = await self.request(Route('GET', '/users/@me'))
  File "/Volumes/Extreme SSD/Mac Mini/projects/akatsys-bot/venv/lib/python3.10/site-packages/discord/http.py", line 745, in request
    raise HTTPException(response, data)
discord.errors.HTTPException: 401 Unauthorized (error code: 0): 401: Unauthorized

The above exception was the direct cause of the following exception:

Traceback (most recent call last):
  File "/Volumes/Extreme SSD/Mac Mini/projects/akatsys-bot/main.py", line 39, in main
    bot.run(os.getenv('DISCORD_TOKEN'))
  File "/Volumes/Extreme SSD/Mac Mini/projects/akatsys-bot/venv/lib/python3.10/site-packages/discord/client.py", line 860, in run
    asyncio.run(runner())
  File "/Users/taz-dev/.pyenv/versions/3.10.16/lib/python3.10/asyncio/runners.py", line 44, in run
    return loop.run_until_complete(main)
  File "/Users/taz-dev/.pyenv/versions/3.10.16/lib/python3.10/asyncio/base_events.py", line 649, in run_until_complete
    return future.result()
  File "/Volumes/Extreme SSD/Mac Mini/projects/akatsys-bot/venv/lib/python3.10/site-packages/discord/client.py", line 849, in runner
    await self.start(token, reconnect=reconnect)
  File "/Volumes/Extreme SSD/Mac Mini/projects/akatsys-bot/venv/lib/python3.10/site-packages/discord/client.py", line 777, in start
    await self.login(token)
  File "/Volumes/Extreme SSD/Mac Mini/projects/akatsys-bot/venv/lib/python3.10/site-packages/discord/client.py", line 612, in login
    data = await self.http.static_login(token)
  File "/Volumes/Extreme SSD/Mac Mini/projects/akatsys-bot/venv/lib/python3.10/site-packages/discord/http.py", line 807, in static_login
    raise LoginFailure('Improper token has been passed.') from exc
discord.errors.LoginFailure: Improper token has been passed.
2025-02-23 00:01:47,340 - __main__ - INFO - Starting Discord News Bot...
2025-02-23 00:01:49,765 - __main__ - ERROR - Error running bot: Improper token has been passed.
Traceback (most recent call last):
  File "/Volumes/Extreme SSD/Mac Mini/projects/akatsys-bot/venv/lib/python3.10/site-packages/discord/http.py", line 803, in static_login
    data = await self.request(Route('GET', '/users/@me'))
  File "/Volumes/Extreme SSD/Mac Mini/projects/akatsys-bot/venv/lib/python3.10/site-packages/discord/http.py", line 745, in request
    raise HTTPException(response, data)
discord.errors.HTTPException: 401 Unauthorized (error code: 0): 401: Unauthorized

The above exception was the direct cause of the following exception:

Traceback (most recent call last):
  File "/Volumes/Extreme SSD/Mac Mini/projects/akatsys-bot/main.py", line 39, in main
    bot.run(os.getenv('DISCORD_TOKEN'))
  File "/Volumes/Extreme SSD/Mac Mini/projects/akatsys-bot/venv/lib/python3.10/site-packages/discord/client.py", line 860, in run
    asyncio.run(runner())
  File "/Users/taz-dev/.pyenv/versions/3.10.16/lib/python3.10/asyncio/runners.py", line 44, in run
    return loop.run_until_complete(main)
  File "/Users/taz-dev/.pyenv/versions/3.10.16/lib/python3.10/asyncio/base_events.py", line 649, in run_until_complete
    return future.result()
  File "/Volumes/Extreme SSD/Mac Mini/projects/akatsys-bot/venv/lib/python3.10/site-packages/discord/client.py", line 849, in runner
    await self.start(token, reconnect=reconnect)
  File "/Volumes/Extreme SSD/Mac Mini/projects/akatsys-bot/venv/lib/python3.10/site-packages/discord/client.py", line 777, in start
    await self.login(token)
  File "/Volumes/Extreme SSD/Mac Mini/projects/akatsys-bot/venv/lib/python3.10/site-packages/discord/client.py", line 612, in login
    data = await self.http.static_login(token)
  File "/Volumes/Extreme SSD/Mac Mini/projects/akatsys-bot/venv/lib/python3.10/site-packages/discord/http.py", line 807, in static_login
    raise LoginFailure('Improper token has been passed.') from exc
discord.errors.LoginFailure: Improper token has been passed.
2025-02-23 00:03:32,832 - __main__ - INFO - Starting Discord News Bot...
2025-02-23 00:03:33,283 - __main__ - ERROR - Error running bot: Improper token has been passed.
Traceback (most recent call last):
  File "/Volumes/Extreme SSD/Mac Mini/projects/akatsys-bot/venv/lib/python3.10/site-packages/discord/http.py", line 803, in static_login
    data = await self.request(Route('GET', '/users/@me'))
  File "/Volumes/Extreme SSD/Mac Mini/projects/akatsys-bot/venv/lib/python3.10/site-packages/discord/http.py", line 745, in request
    raise HTTPException(response, data)
discord.errors.HTTPException: 401 Unauthorized (error code: 0): 401: Unauthorized

The above exception was the direct cause of the following exception:

Traceback (most recent call last):
  File "/Volumes/Extreme SSD/Mac Mini/projects/akatsys-bot/main.py", line 39, in main
    bot.run(os.getenv('DISCORD_TOKEN'))
  File "/Volumes/Extreme SSD/Mac Mini/projects/akatsys-bot/venv/lib/python3.10/site-packages/discord/client.py", line 860, in run
    asyncio.run(runner())
  File "/Users/taz-dev/.pyenv/versions/3.10.16/lib/python3.10/asyncio/runners.py", line 44, in run
    return loop.run_until_complete(main)
  File "/Users/taz-dev/.pyenv/versions/3.10.16/lib/python3.10/asyncio/base_events.py", line 649, in run_until_complete
    return future.result()
  File "/Volumes/Extreme SSD/Mac Mini/projects/akatsys-bot/venv/lib/python3.10/site-packages/discord/client.py", line 849, in runner
    await self.start(token, reconnect=reconnect)
  File "/Volumes/Extreme SSD/Mac Mini/projects/akatsys-bot/venv/lib/python3.10/site-packages/discord/client.py", line 777, in start
    await self.login(token)
  File "/Volumes/Extreme SSD/Mac Mini/projects/akatsys-bot/venv/lib/python3.10/site-packages/discord/client.py", line 612, in login
    data = await self.http.static_login(token)
  File "/Volumes/Extreme SSD/Mac Mini/projects/akatsys-bot/venv/lib/python3.10/site-packages/discord/http.py", line 807, in static_login
    raise LoginFailure('Improper token has been passed.') from exc
discord.errors.LoginFailure: Improper token has been passed.
2025-02-23 00:04:43,250 - __main__ - INFO - Starting Discord News Bot...
2025-02-23 00:04:44,451 - src.bot.news_bot - INFO - Starting bot setup...
2025-02-23 00:04:44,451 - src.bot.news_bot - INFO - Bot setup completed
2025-02-23 00:04:47,388 - src.bot.news_bot - INFO - Bot is ready, starting background tasks
2025-02-23 00:04:47,389 - src.bot.news_bot - INFO - Bot is ready, starting background tasks
2025-02-23 00:04:47,389 - src.bot.news_bot - INFO - Starting RSS feed check
2025-02-23 00:04:47,389 - src.bot.news_bot - WARNING - Channel not found for category: ai_news
2025-02-23 00:04:47,389 - src.bot.news_bot - WARNING - Channel not found for category: hackathon_news
2025-02-23 00:04:47,389 - src.bot.news_bot - WARNING - Channel not found for category: tech_news
2025-02-23 00:04:47,389 - src.bot.news_bot - WARNING - Channel not found for category: startup_news
2025-02-23 00:04:47,389 - src.bot.news_bot - INFO - Starting other sources check
2025-02-23 00:04:47,389 - src.bot.news_bot - WARNING - Channel not found for category: ai_news
2025-02-23 00:04:47,389 - src.bot.news_bot - WARNING - Channel not found for category: hackathon_news
2025-02-23 00:04:47,390 - src.bot.news_bot - WARNING - Channel not found for category: tech_news
2025-02-23 00:04:47,390 - src.bot.news_bot - WARNING - Channel not found for category: startup_news
2025-02-23 00:05:59,175 - __main__ - INFO - Starting Discord News Bot...
2025-02-23 00:06:00,199 - src.bot.news_bot - INFO - Starting bot setup...
2025-02-23 00:06:00,200 - src.bot.news_bot - INFO - Bot setup completed
2025-02-23 00:06:03,259 - src.bot.news_bot - INFO - Bot is ready, starting background tasks
2025-02-23 00:06:03,260 - src.bot.news_bot - INFO - Bot is ready, starting background tasks
2025-02-23 00:06:03,260 - src.bot.news_bot - INFO - Starting RSS feed check
2025-02-23 00:06:03,260 - src.bot.news_bot - WARNING - Channel not found for category: ai_news
2025-02-23 00:06:03,261 - src.bot.news_bot - WARNING - Channel not found for category: hackathon_news
2025-02-23 00:06:03,261 - src.bot.news_bot - WARNING - Channel not found for category: tech_news
2025-02-23 00:06:03,261 - src.bot.news_bot - WARNING - Channel not found for category: startup_news
2025-02-23 00:06:03,261 - src.bot.news_bot - INFO - Starting other sources check
2025-02-23 00:06:03,261 - src.bot.news_bot - WARNING - Channel not found for category: ai_news
2025-02-23 00:06:03,261 - src.bot.news_bot - WARNING - Channel not found for category: hackathon_news
2025-02-23 00:06:03,262 - src.bot.news_bot - WARNING - Channel not found for category: tech_news
2025-02-23 00:06:03,262 - src.bot.news_bot - WARNING - Channel not found for category: startup_news
2025-02-23 00:08:44,240 - __main__ - INFO - Starting Discord News Bot...
2025-02-23 00:08:45,184 - src.bot.news_bot - INFO - Starting bot setup...
2025-02-23 00:08:45,185 - src.bot.news_bot - INFO - Bot setup completed
2025-02-23 00:08:48,074 - src.bot.news_bot - INFO - Bot is ready, starting background tasks
2025-02-23 00:08:48,074 - src.bot.news_bot - INFO - Bot is ready, starting background tasks
2025-02-23 00:08:48,075 - src.bot.news_bot - INFO - Starting RSS feed check
2025-02-23 00:08:48,075 - src.bot.news_bot - WARNING - Channel not found for category: ai_news
2025-02-23 00:08:48,075 - src.bot.news_bot - WARNING - Channel not found for category: hackathon_news
2025-02-23 00:08:48,075 - src.bot.news_bot - WARNING - Channel not found for category: tech_news
2025-02-23 00:08:48,075 - src.bot.news_bot - WARNING - Channel not found for category: startup_news
2025-02-23 00:08:48,076 - src.bot.news_bot - INFO - Starting other sources check
2025-02-23 00:08:48,076 - src.bot.news_bot - WARNING - Channel not found for category: ai_news
2025-02-23 00:08:48,076 - src.bot.news_bot - WARNING - Channel not found for category: hackathon_news
2025-02-23 00:08:48,076 - src.bot.news_bot - WARNING - Channel not found for category: tech_news
2025-02-23 00:08:48,076 - src.bot.news_bot - WARNING - Channel not found for category: startup_news
